C:\USERS\TEST\DESKTOP\FITTINGROOM\DEBUG\FRT.EXE
C:\USERS\TEST\DESKTOP\FITTINGROOM\DEBUG\FRT.ILK
C:\USERS\TEST\DESKTOP\FITTINGROOM\DEBUG\FRT.PDB
C:\Users\Test\Desktop\FittingRoom\FRT\Debug\cl.command.1.tlog
C:\Users\Test\Desktop\FittingRoom\FRT\Debug\CL.read.1.tlog
C:\Users\Test\Desktop\FittingRoom\FRT\Debug\CL.write.1.tlog
C:\USERS\TEST\DESKTOP\FITTINGROOM\FRT\DEBUG\FRT.EXE.EMBED.MANIFEST
C:\USERS\TEST\DESKTOP\FITTINGROOM\FRT\DEBUG\FRT.EXE.EMBED.MANIFEST.RES
C:\USERS\TEST\DESKTOP\FITTINGROOM\FRT\DEBUG\FRT.EXE.INTERMEDIATE.MANIFEST
C:\USERS\TEST\DESKTOP\FITTINGROOM\FRT\DEBUG\FRT.OBJ
C:\USERS\TEST\DESKTOP\FITTINGROOM\FRT\DEBUG\FRT.PCH
C:\USERS\TEST\DESKTOP\FITTINGROOM\FRT\DEBUG\FRT.RES
C:\Users\Test\Desktop\FittingRoom\FRT\Debug\FRT_manifest.rc
C:\Users\Test\Desktop\FittingRoom\FRT\Debug\link.2716.read.1.tlog
C:\Users\Test\Desktop\FittingRoom\FRT\Debug\link.2716.write.1.tlog
C:\Users\Test\Desktop\FittingRoom\FRT\Debug\link.2716-cvtres.read.1.tlog
C:\Users\Test\Desktop\FittingRoom\FRT\Debug\link.2716-cvtres.write.1.tlog
C:\Users\Test\Desktop\FittingRoom\FRT\Debug\link.command.1.tlog
C:\Users\Test\Desktop\FittingRoom\FRT\Debug\link.read.1.tlog
C:\Users\Test\Desktop\FittingRoom\FRT\Debug\link.write.1.tlog
C:\Users\Test\Desktop\FittingRoom\FRT\Debug\link-cvtres.read.1.tlog
C:\Users\Test\Desktop\FittingRoom\FRT\Debug\link-cvtres.write.1.tlog
C:\Users\Test\Desktop\FittingRoom\FRT\Debug\mt.command.1.tlog
C:\Users\Test\Desktop\FittingRoom\FRT\Debug\mt.read.1.tlog
C:\Users\Test\Desktop\FittingRoom\FRT\Debug\mt.write.1.tlog
C:\Users\Test\Desktop\FittingRoom\FRT\Debug\rc.command.1.tlog
C:\Users\Test\Desktop\FittingRoom\FRT\Debug\rc.read.1.tlog
C:\Users\Test\Desktop\FittingRoom\FRT\Debug\rc.write.1.tlog
C:\USERS\TEST\DESKTOP\FITTINGROOM\FRT\DEBUG\STDAFX.OBJ
C:\Users\Test\Desktop\FittingRoom\FRT\Debug\vc100.idb
C:\USERS\TEST\DESKTOP\FITTINGROOM\FRT\DEBUG\VC100.PDB
