C:\USERS\TEST\DESKTOP\FITTINGROOM\FITTINGROOM\RELEASE\CAMERASCONTROLLER.OBJ
C:\USERS\TEST\DESKTOP\FITTINGROOM\FITTINGROOM\RELEASE\FITTINGROOM.EXE.INTERMEDIATE.MANIFEST
C:\USERS\TEST\DESKTOP\FITTINGROOM\FITTINGROOM\RELEASE\FITTINGROOM.OBJ
C:\USERS\TEST\DESKTOP\FITTINGROOM\FITTINGROOM\RELEASE\FITTINGROOM.PCH
C:\USERS\TEST\DESKTOP\FITTINGROOM\FITTINGROOM\RELEASE\FITTINGROOM.RES
C:\USERS\TEST\DESKTOP\FITTINGROOM\FITTINGROOM\RELEASE\STDAFX.OBJ
C:\USERS\TEST\DESKTOP\FITTINGROOM\FITTINGROOM\RELEASE\VC100.PDB
C:\USERS\TEST\DESKTOP\FITTINGROOM\RELEASE\FITTINGROOM.EXE
C:\USERS\TEST\DESKTOP\FITTINGROOM\RELEASE\FITTINGROOM.PDB
C:\USERS\TEST\DOCUMENTS\GITHUB\FITTINGROOM\FITTINGROOM\FITTINGROOM\RELEASE\CAMERA.OBJ
C:\USERS\TEST\DOCUMENTS\GITHUB\FITTINGROOM\FITTINGROOM\FITTINGROOM\RELEASE\CAMERASCONTROLLER.OBJ
C:\Users\Test\Documents\GitHub\FittingRoom\FittingRoom\FittingRoom\Release\cl.command.1.tlog
C:\Users\Test\Documents\GitHub\FittingRoom\FittingRoom\FittingRoom\Release\CL.read.1.tlog
C:\Users\Test\Documents\GitHub\FittingRoom\FittingRoom\FittingRoom\Release\CL.write.1.tlog
C:\USERS\TEST\DOCUMENTS\GITHUB\FITTINGROOM\FITTINGROOM\FITTINGROOM\RELEASE\FITTINGROOM.EXE.INTERMEDIATE.MANIFEST
C:\USERS\TEST\DOCUMENTS\GITHUB\FITTINGROOM\FITTINGROOM\FITTINGROOM\RELEASE\FITTINGROOM.OBJ
C:\USERS\TEST\DOCUMENTS\GITHUB\FITTINGROOM\FITTINGROOM\FITTINGROOM\RELEASE\FITTINGROOM.PCH
C:\USERS\TEST\DOCUMENTS\GITHUB\FITTINGROOM\FITTINGROOM\FITTINGROOM\RELEASE\FITTINGROOM.RES
C:\Users\Test\Documents\GitHub\FittingRoom\FittingRoom\FittingRoom\Release\link.command.1.tlog
C:\Users\Test\Documents\GitHub\FittingRoom\FittingRoom\FittingRoom\Release\link.read.1.tlog
C:\Users\Test\Documents\GitHub\FittingRoom\FittingRoom\FittingRoom\Release\link.write.1.tlog
C:\Users\Test\Documents\GitHub\FittingRoom\FittingRoom\FittingRoom\Release\link-cvtres.read.1.tlog
C:\Users\Test\Documents\GitHub\FittingRoom\FittingRoom\FittingRoom\Release\link-cvtres.write.1.tlog
C:\Users\Test\Documents\GitHub\FittingRoom\FittingRoom\FittingRoom\Release\mt.command.1.tlog
C:\Users\Test\Documents\GitHub\FittingRoom\FittingRoom\FittingRoom\Release\mt.read.1.tlog
C:\Users\Test\Documents\GitHub\FittingRoom\FittingRoom\FittingRoom\Release\mt.write.1.tlog
C:\Users\Test\Documents\GitHub\FittingRoom\FittingRoom\FittingRoom\Release\rc.command.1.tlog
C:\Users\Test\Documents\GitHub\FittingRoom\FittingRoom\FittingRoom\Release\rc.read.1.tlog
C:\Users\Test\Documents\GitHub\FittingRoom\FittingRoom\FittingRoom\Release\rc.write.1.tlog
C:\USERS\TEST\DOCUMENTS\GITHUB\FITTINGROOM\FITTINGROOM\FITTINGROOM\RELEASE\SPINIGECONTROLLER.OBJ
C:\USERS\TEST\DOCUMENTS\GITHUB\FITTINGROOM\FITTINGROOM\FITTINGROOM\RELEASE\STDAFX.OBJ
C:\USERS\TEST\DOCUMENTS\GITHUB\FITTINGROOM\FITTINGROOM\FITTINGROOM\RELEASE\VC100.PDB
C:\USERS\TEST\DOCUMENTS\GITHUB\FITTINGROOM\FITTINGROOM\RELEASE\FITTINGROOM.EXE
C:\USERS\TEST\DOCUMENTS\GITHUB\FITTINGROOM\FITTINGROOM\RELEASE\FITTINGROOM.PDB
