Build started 26.03.2014 15:06:58.
     1>Project "C:\Users\Test\Documents\GitHub\FittingRoom\FittingRoom\FittingRoom\FittingRoom.vcxproj" on node 2 (build target(s)).
     1>InitializeBuildStatus:
         Creating "Release\FittingRoom.unsuccessfulbuild" because "AlwaysCreate" was specified.
       ClCompile:
         All outputs are up-to-date.
         C:\Program Files (x86)\Microsoft Visual Studio 10.0\VC\bin\CL.exe /c /Zi /nologo /W3 /WX- /O2 /Oi /Oy- /GL /D WIN32 /D NDEBUG /D _WINDOWS /D _UNICODE /D UNICODE /Gm- /EHsc /MD /GS /Gy /fp:precise /Zc:wchar_t /Zc:forScope /Yu"StdAfx.h" /Fp"Release\FittingRoom.pch" /Fo"Release\\" /Fd"Release\vc100.pdb" /Gd /TP /analyze- /errorReport:prompt FittingRoom.cpp
         FittingRoom.cpp
     1>c:\users\test\documents\github\fittingroom\fittingroom\fittingroom\opencv2\flann\logger.h(66): warning C4996: 'fopen': This function or variable may be unsafe. Consider using fopen_s instead. To disable deprecation, use _CRT_SECURE_NO_WARNINGS. See online help for details.
                 C:\Program Files (x86)\Microsoft Visual Studio 10.0\VC\include\stdio.h(234) : see declaration of 'fopen'
     1>FittingRoom.cpp(137): warning C4800: 'BOOL' : forcing value to bool 'true' or 'false' (performance warning)
     1>FittingRoom.cpp(138): warning C4800: 'BOOL' : forcing value to bool 'true' or 'false' (performance warning)
     1>FittingRoom.cpp(139): warning C4800: 'BOOL' : forcing value to bool 'true' or 'false' (performance warning)
     1>FittingRoom.cpp(293): warning C4101: 'ps' : unreferenced local variable
     1>FittingRoom.cpp(294): warning C4101: 'hdc' : unreferenced local variable
     1>FittingRoom.cpp(395): warning C4018: '<' : signed/unsigned mismatch
     1>FittingRoom.cpp(400): warning C4996: '_swprintf': This function or variable may be unsafe. Consider using _swprintf_s instead. To disable deprecation, use _CRT_SECURE_NO_WARNINGS. See online help for details.
                 C:\Program Files (x86)\Microsoft Visual Studio 10.0\VC\include\wchar.h(761) : see declaration of '_swprintf'
     1>FittingRoom.cpp(378): warning C4101: 'ps' : unreferenced local variable
     1>FittingRoom.cpp(375): warning C4101: 'ptClientUL' : unreferenced local variable
     1>FittingRoom.cpp(374): warning C4101: 'rcClient' : unreferenced local variable
     1>FittingRoom.cpp(376): warning C4101: 'ptClientLR' : unreferenced local variable
     1>FittingRoom.cpp(379): warning C4101: 'dwThreadId' : unreferenced local variable
     1>FittingRoom.cpp(504): warning C4018: '<' : signed/unsigned mismatch
     1>FittingRoom.cpp(456): warning C4101: 'ps' : unreferenced local variable
     1>FittingRoom.cpp(453): warning C4101: 'ptClientUL' : unreferenced local variable
     1>FittingRoom.cpp(452): warning C4101: 'rcClient' : unreferenced local variable
     1>FittingRoom.cpp(454): warning C4101: 'ptClientLR' : unreferenced local variable
     1>FittingRoom.cpp(458): warning C4101: 'dwThreadId' : unreferenced local variable
     1>FittingRoom.cpp(844): warning C4996: 'itoa': The POSIX name for this item is deprecated. Instead, use the ISO C++ conformant name: _itoa. See online help for details.
                 C:\Program Files (x86)\Microsoft Visual Studio 10.0\VC\include\stdlib.h(867) : see declaration of 'itoa'
     1>FittingRoom.cpp(896): warning C4018: '<' : signed/unsigned mismatch
     1>FittingRoom.cpp(907): warning C4996: 'wcstombs': This function or variable may be unsafe. Consider using wcstombs_s instead. To disable deprecation, use _CRT_SECURE_NO_WARNINGS. See online help for details.
                 C:\Program Files (x86)\Microsoft Visual Studio 10.0\VC\include\stdlib.h(533) : see declaration of 'wcstombs'
     1>FittingRoom.cpp(1002): warning C4996: 'wcstombs': This function or variable may be unsafe. Consider using wcstombs_s instead. To disable deprecation, use _CRT_SECURE_NO_WARNINGS. See online help for details.
                 C:\Program Files (x86)\Microsoft Visual Studio 10.0\VC\include\stdlib.h(533) : see declaration of 'wcstombs'
       ResourceCompile:
         All outputs are up-to-date.
       Link:
         C:\Program Files (x86)\Microsoft Visual Studio 10.0\VC\bin\link.exe /ERRORREPORT:PROMPT /OUT:"C:\Users\Test\Documents\GitHub\FittingRoom\FittingRoom\Release\FittingRoom.exe" /INCREMENTAL:NO /NOLOGO kernel32.lib user32.lib gdi32.lib winspool.lib comdlg32.lib advapi32.lib shell32.lib ole32.lib oleaut32.lib uuid.lib odbc32.lib odbccp32.lib /MANIFEST /ManifestFile:"Release\FittingRoom.exe.intermediate.manifest" /MANIFESTUAC:"level='asInvoker' uiAccess='false'" /DEBUG /PDB:"C:\Users\Test\Documents\GitHub\FittingRoom\FittingRoom\Release\FittingRoom.pdb" /SUBSYSTEM:WINDOWS /OPT:REF /OPT:ICF /LTCG /TLBID:1 /DYNAMICBASE /NXCOMPAT /IMPLIB:"C:\Users\Test\Documents\GitHub\FittingRoom\FittingRoom\Release\FittingRoom.lib" /MACHINE:X86 Release\FittingRoom.res
         Release\CamerasController.obj
         Release\FittingRoom.obj
         Release\stdafx.obj
         Generating code
         Finished generating code
         FittingRoom.vcxproj -> C:\Users\Test\Documents\GitHub\FittingRoom\FittingRoom\Release\FittingRoom.exe
       Manifest:
         c:\Program Files (x86)\Microsoft SDKs\Windows\v7.0A\bin\mt.exe /nologo /verbose /outputresource:"C:\Users\Test\Documents\GitHub\FittingRoom\FittingRoom\Release\FittingRoom.exe;#1" /manifest Release\FittingRoom.exe.intermediate.manifest
       FinalizeBuildStatus:
         Deleting file "Release\FittingRoom.unsuccessfulbuild".
         Touching "Release\FittingRoom.lastbuildstate".
     1>Done Building Project "C:\Users\Test\Documents\GitHub\FittingRoom\FittingRoom\FittingRoom\FittingRoom.vcxproj" (build target(s)).

Build succeeded.

Time Elapsed 00:00:02.41
