Build started 19.02.2014 15:06:13.
     1>Project "C:\Users\Test\Desktop\FittingRoom\FRT\FRT.vcxproj" on node 3 (build target(s)).
     1>InitializeBuildStatus:
         Creating "Release\FRT.unsuccessfulbuild" because "AlwaysCreate" was specified.
       ClCompile:
         All outputs are up-to-date.
         C:\Program Files (x86)\Microsoft Visual Studio 10.0\VC\bin\CL.exe /c /Zi /nologo /W3 /WX- /O2 /Oi /Oy- /GL /D WIN32 /D NDEBUG /D _WINDOWS /D _UNICODE /D UNICODE /Gm- /EHsc /MD /GS /Gy /fp:precise /Zc:wchar_t /Zc:forScope /Yu"StdAfx.h" /Fp"Release\FRT.pch" /Fo"Release\\" /Fd"Release\vc100.pdb" /Gd /TP /analyze- /errorReport:prompt FRT.cpp
         FRT.cpp
     1>c:\users\test\desktop\fittingroom\frt\opencv2\flann\logger.h(66): warning C4996: 'fopen': This function or variable may be unsafe. Consider using fopen_s instead. To disable deprecation, use _CRT_SECURE_NO_WARNINGS. See online help for details.
                 C:\Program Files (x86)\Microsoft Visual Studio 10.0\VC\include\stdio.h(234) : see declaration of 'fopen'
     1>FRT.cpp(673): warning C4996: '_swprintf': This function or variable may be unsafe. Consider using _swprintf_s instead. To disable deprecation, use _CRT_SECURE_NO_WARNINGS. See online help for details.
                 C:\Program Files (x86)\Microsoft Visual Studio 10.0\VC\include\wchar.h(761) : see declaration of '_swprintf'
     1>FRT.cpp(691): warning C4800: 'BOOL' : forcing value to bool 'true' or 'false' (performance warning)
     1>FRT.cpp(816): warning C4800: 'BOOL' : forcing value to bool 'true' or 'false' (performance warning)
       ResourceCompile:
         All outputs are up-to-date.
       Link:
         C:\Program Files (x86)\Microsoft Visual Studio 10.0\VC\bin\link.exe /ERRORREPORT:PROMPT /OUT:"C:\Users\Test\Desktop\FittingRoom\Release\FRT.exe" /INCREMENTAL:NO /NOLOGO kernel32.lib user32.lib gdi32.lib winspool.lib comdlg32.lib advapi32.lib shell32.lib ole32.lib oleaut32.lib uuid.lib odbc32.lib odbccp32.lib /MANIFEST /ManifestFile:"Release\FRT.exe.intermediate.manifest" /MANIFESTUAC:"level='asInvoker' uiAccess='false'" /DEBUG /PDB:"C:\Users\Test\Desktop\FittingRoom\Release\FRT.pdb" /SUBSYSTEM:WINDOWS /OPT:REF /OPT:ICF /LTCG /TLBID:1 /DYNAMICBASE /NXCOMPAT /IMPLIB:"C:\Users\Test\Desktop\FittingRoom\Release\FRT.lib" /MACHINE:X86 Release\FRT.res
         Release\FRT.obj
         Release\stdafx.obj
         Generating code
         Finished generating code
         FRT.vcxproj -> C:\Users\Test\Desktop\FittingRoom\Release\FRT.exe
       Manifest:
         c:\Program Files (x86)\Microsoft SDKs\Windows\v7.0A\bin\mt.exe /nologo /verbose /outputresource:"C:\Users\Test\Desktop\FittingRoom\Release\FRT.exe;#1" /manifest Release\FRT.exe.intermediate.manifest
       FinalizeBuildStatus:
         Deleting file "Release\FRT.unsuccessfulbuild".
         Touching "Release\FRT.lastbuildstate".
     1>Done Building Project "C:\Users\Test\Desktop\FittingRoom\FRT\FRT.vcxproj" (build target(s)).

Build succeeded.

Time Elapsed 00:00:03.46
