C:\Users\Test\Desktop\FittingRoom\FRT\Release\cl.command.1.tlog
C:\Users\Test\Desktop\FittingRoom\FRT\Release\CL.read.1.tlog
C:\Users\Test\Desktop\FittingRoom\FRT\Release\CL.write.1.tlog
C:\USERS\TEST\DESKTOP\FITTINGROOM\FRT\RELEASE\FRT.EXE.INTERMEDIATE.MANIFEST
C:\USERS\TEST\DESKTOP\FITTINGROOM\FRT\RELEASE\FRT.OBJ
C:\USERS\TEST\DESKTOP\FITTINGROOM\FRT\RELEASE\FRT.PCH
C:\USERS\TEST\DESKTOP\FITTINGROOM\FRT\RELEASE\FRT.RES
C:\Users\Test\Desktop\FittingRoom\FRT\Release\link.command.1.tlog
C:\Users\Test\Desktop\FittingRoom\FRT\Release\link.read.1.tlog
C:\Users\Test\Desktop\FittingRoom\FRT\Release\link.write.1.tlog
C:\Users\Test\Desktop\FittingRoom\FRT\Release\link-cvtres.read.1.tlog
C:\Users\Test\Desktop\FittingRoom\FRT\Release\link-cvtres.write.1.tlog
C:\Users\Test\Desktop\FittingRoom\FRT\Release\mt.command.1.tlog
C:\Users\Test\Desktop\FittingRoom\FRT\Release\mt.read.1.tlog
C:\Users\Test\Desktop\FittingRoom\FRT\Release\mt.write.1.tlog
C:\Users\Test\Desktop\FittingRoom\FRT\Release\rc.command.1.tlog
C:\Users\Test\Desktop\FittingRoom\FRT\Release\rc.read.1.tlog
C:\Users\Test\Desktop\FittingRoom\FRT\Release\rc.write.1.tlog
C:\USERS\TEST\DESKTOP\FITTINGROOM\FRT\RELEASE\STDAFX.OBJ
C:\USERS\TEST\DESKTOP\FITTINGROOM\FRT\RELEASE\VC100.PDB
C:\USERS\TEST\DESKTOP\FITTINGROOM\RELEASE\FRT.EXE
C:\USERS\TEST\DESKTOP\FITTINGROOM\RELEASE\FRT.PDB
