Build started 24.03.2014 17:02:50.
     1>Project "C:\Users\Test\Documents\GitHub\FittingRoom\FittingRoom\FittingRoom\FittingRoom.vcxproj" on node 2 (build target(s)).
     1>InitializeBuildStatus:
         Creating "Debug\FittingRoom.unsuccessfulbuild" because "AlwaysCreate" was specified.
       ClCompile:
         All outputs are up-to-date.
         All outputs are up-to-date.
       ResourceCompile:
         All outputs are up-to-date.
       ManifestResourceCompile:
         All outputs are up-to-date.
       Link:
         All outputs are up-to-date.
       Manifest:
         All outputs are up-to-date.
       FinalizeBuildStatus:
         Deleting file "Debug\FittingRoom.unsuccessfulbuild".
         Touching "Debug\FittingRoom.lastbuildstate".
     1>Done Building Project "C:\Users\Test\Documents\GitHub\FittingRoom\FittingRoom\FittingRoom\FittingRoom.vcxproj" (build target(s)).

Build succeeded.

Time Elapsed 00:00:00.07
