C:\FITTINGROOM\DEBUG\FITTINGROOM.EXE
C:\FITTINGROOM\DEBUG\FITTINGROOM.ILK
C:\FITTINGROOM\DEBUG\FITTINGROOM.PDB
C:\FITTINGROOM\FITTINGROOM\DEBUG\CAMERASCONTROLLER.OBJ
C:\FITTINGROOM\FITTINGROOM\DEBUG\FITTINGROOM.EXE.EMBED.MANIFEST.RES
C:\FITTINGROOM\FITTINGROOM\DEBUG\FITTINGROOM.EXE.INTERMEDIATE.MANIFEST
C:\FITTINGROOM\FITTINGROOM\DEBUG\FITTINGROOM.OBJ
C:\FITTINGROOM\FITTINGROOM\DEBUG\FITTINGROOM.PCH
C:\FITTINGROOM\FITTINGROOM\DEBUG\FITTINGROOM.RES
C:\FITTINGROOM\FITTINGROOM\DEBUG\STDAFX.OBJ
C:\FITTINGROOM\FITTINGROOM\DEBUG\VC100.PDB
C:\USERS\TEST\DESKTOP\FITTINGROOM\DEBUG\FITTINGROOM.EXE
C:\USERS\TEST\DESKTOP\FITTINGROOM\DEBUG\FITTINGROOM.ILK
C:\USERS\TEST\DESKTOP\FITTINGROOM\DEBUG\FITTINGROOM.PDB
C:\USERS\TEST\DESKTOP\FITTINGROOM\FITTINGROOM\DEBUG\CAMERASCONTROLLER.OBJ
C:\Users\Test\Desktop\FittingRoom\FittingRoom\Debug\cl.command.1.tlog
C:\Users\Test\Desktop\FittingRoom\FittingRoom\Debug\CL.read.1.tlog
C:\Users\Test\Desktop\FittingRoom\FittingRoom\Debug\CL.write.1.tlog
C:\Users\Test\Desktop\FittingRoom\FittingRoom\Debug\FittingRoom.exe.embed.manifest
C:\USERS\TEST\DESKTOP\FITTINGROOM\FITTINGROOM\DEBUG\FITTINGROOM.EXE.EMBED.MANIFEST.RES
C:\USERS\TEST\DESKTOP\FITTINGROOM\FITTINGROOM\DEBUG\FITTINGROOM.EXE.INTERMEDIATE.MANIFEST
C:\USERS\TEST\DESKTOP\FITTINGROOM\FITTINGROOM\DEBUG\FITTINGROOM.OBJ
C:\USERS\TEST\DESKTOP\FITTINGROOM\FITTINGROOM\DEBUG\FITTINGROOM.PCH
C:\USERS\TEST\DESKTOP\FITTINGROOM\FITTINGROOM\DEBUG\FITTINGROOM.RES
C:\Users\Test\Desktop\FittingRoom\FittingRoom\Debug\FittingRoom.vcxprojResolveAssemblyReference.cache
C:\Users\Test\Desktop\FittingRoom\FittingRoom\Debug\FittingRoom.write.1.tlog
C:\Users\Test\Desktop\FittingRoom\FittingRoom\Debug\FittingRoom_manifest.rc
C:\Users\Test\Desktop\FittingRoom\FittingRoom\Debug\link.10220.read.1.tlog
C:\Users\Test\Desktop\FittingRoom\FittingRoom\Debug\link.10220.write.1.tlog
C:\Users\Test\Desktop\FittingRoom\FittingRoom\Debug\link.10220-cvtres.read.1.tlog
C:\Users\Test\Desktop\FittingRoom\FittingRoom\Debug\link.10220-cvtres.write.1.tlog
C:\Users\Test\Desktop\FittingRoom\FittingRoom\Debug\link.17172.read.1.tlog
C:\Users\Test\Desktop\FittingRoom\FittingRoom\Debug\link.17172.write.1.tlog
C:\Users\Test\Desktop\FittingRoom\FittingRoom\Debug\link.17172-cvtres.read.1.tlog
C:\Users\Test\Desktop\FittingRoom\FittingRoom\Debug\link.17172-cvtres.write.1.tlog
C:\Users\Test\Desktop\FittingRoom\FittingRoom\Debug\link.25872.read.1.tlog
C:\Users\Test\Desktop\FittingRoom\FittingRoom\Debug\link.25872.write.1.tlog
C:\Users\Test\Desktop\FittingRoom\FittingRoom\Debug\link.25872-cvtres.read.1.tlog
C:\Users\Test\Desktop\FittingRoom\FittingRoom\Debug\link.25872-cvtres.write.1.tlog
C:\Users\Test\Desktop\FittingRoom\FittingRoom\Debug\link.command.1.tlog
C:\Users\Test\Desktop\FittingRoom\FittingRoom\Debug\link.read.1.tlog
C:\Users\Test\Desktop\FittingRoom\FittingRoom\Debug\link.write.1.tlog
C:\Users\Test\Desktop\FittingRoom\FittingRoom\Debug\link-cvtres.read.1.tlog
C:\Users\Test\Desktop\FittingRoom\FittingRoom\Debug\link-cvtres.write.1.tlog
C:\Users\Test\Desktop\FittingRoom\FittingRoom\Debug\mt.command.1.tlog
C:\Users\Test\Desktop\FittingRoom\FittingRoom\Debug\mt.read.1.tlog
C:\Users\Test\Desktop\FittingRoom\FittingRoom\Debug\mt.write.1.tlog
C:\Users\Test\Desktop\FittingRoom\FittingRoom\Debug\rc.command.1.tlog
C:\Users\Test\Desktop\FittingRoom\FittingRoom\Debug\rc.read.1.tlog
C:\Users\Test\Desktop\FittingRoom\FittingRoom\Debug\rc.write.1.tlog
C:\USERS\TEST\DESKTOP\FITTINGROOM\FITTINGROOM\DEBUG\STDAFX.OBJ
C:\Users\Test\Desktop\FittingRoom\FittingRoom\Debug\vc100.idb
C:\USERS\TEST\DESKTOP\FITTINGROOM\FITTINGROOM\DEBUG\VC100.PDB
F:\WORK\FITTINGROOM\DEBUG\FITTINGROOM.EXE
F:\WORK\FITTINGROOM\DEBUG\FITTINGROOM.ILK
F:\WORK\FITTINGROOM\DEBUG\FITTINGROOM.PDB
F:\WORK\FITTINGROOM\FITTINGROOM\DEBUG\CAMERASCONTROLLER.OBJ
F:\WORK\FITTINGROOM\FITTINGROOM\DEBUG\FITTINGROOM.EXE.EMBED.MANIFEST
F:\WORK\FITTINGROOM\FITTINGROOM\DEBUG\FITTINGROOM.EXE.EMBED.MANIFEST.RES
F:\WORK\FITTINGROOM\FITTINGROOM\DEBUG\FITTINGROOM.EXE.INTERMEDIATE.MANIFEST
F:\WORK\FITTINGROOM\FITTINGROOM\DEBUG\FITTINGROOM.OBJ
F:\WORK\FITTINGROOM\FITTINGROOM\DEBUG\FITTINGROOM.PCH
F:\WORK\FITTINGROOM\FITTINGROOM\DEBUG\FITTINGROOM.RES
F:\WORK\FITTINGROOM\FITTINGROOM\DEBUG\STDAFX.OBJ
F:\WORK\FITTINGROOM\FITTINGROOM\DEBUG\VC100.PDB
